/Users/bytedance/python/claudeserver/app/main.py:37: DeprecationWarning: 
        on_event is deprecated, use lifespan event handlers instead.

        Read more about it in the
        [FastAPI docs for Lifespan Events](https://fastapi.tiangolo.com/advanced/events/).
        
  @app.on_event("startup")
INFO:     Started server process [12263]
INFO:     Waiting for application startup.
INFO:     Application startup complete.
INFO:     Uvicorn running on http://0.0.0.0:8000 (Press CTRL+C to quit)
Database initialized: mysql+pymysql://root:sitebuilder@localhost/claudesys
INFO:     127.0.0.1:54884 - "POST /api/v1/tasks HTTP/1.1" 200 OK
INFO:     127.0.0.1:54943 - "POST /api/v1/tasks/by-name/comprehensive_message_test/start HTTP/1.1" 200 OK
Task 4ecde7f4-afc3-47f6-9aca-8a6dbfd805bf: No worktree configured, using fallback path: /tmp/claude_projects
üîç STARTUP DEBUG: Checking for pending user input for task 4ecde7f4-afc3-47f6-9aca-8a6dbfd805bf
üîç STARTUP DEBUG: get_next_user_input returned: None
üîç STARTUP DEBUG: No user input found, using initial task message
INFO:     127.0.0.1:55139 - "GET /api/v1/tasks/by-name/comprehensive_message_test/conversation HTTP/1.1" 200 OK
INFO:     127.0.0.1:55247 - "POST /api/v1/tasks/by-name/comprehensive_message_test/stop HTTP/1.1" 200 OK
INFO:     127.0.0.1:55300 - "POST /api/v1/tasks/by-name/comprehensive_message_test/clear-and-restart HTTP/1.1" 200 OK
Task 4ecde7f4-afc3-47f6-9aca-8a6dbfd805bf: No worktree configured, using fallback path: /tmp/claude_projects
üîç STARTUP DEBUG: Checking for pending user input for task 4ecde7f4-afc3-47f6-9aca-8a6dbfd805bf
üîç STARTUP DEBUG: get_next_user_input returned: None
üîç STARTUP DEBUG: No user input found, using initial task message
INFO:     127.0.0.1:55541 - "GET /api/v1/tasks/by-name/comprehensive_message_test/conversation HTTP/1.1" 200 OK
INFO:     127.0.0.1:55778 - "POST /api/v1/tasks HTTP/1.1" 400 Bad Request
INFO:     127.0.0.1:56350 - "GET /api/v1/tasks/by-name/add_scene_event_codes_to_stra HTTP/1.1" 200 OK
INFO:     127.0.0.1:56350 - "POST /api/v1/tasks/by-name/add_scene_event_codes_to_stra/clear-and-restart HTTP/1.1" 200 OK
üîç STARTUP DEBUG: Checking for pending user input for task 8d71a584-a288-4993-bca2-c445249c7d1a
üîç STARTUP DEBUG: get_next_user_input returned: DETAILED TEST 1: How many Go files did you scan in the project? Please give me a specific count.
üîç STARTUP DEBUG: Found pending user input, processing: DETAILED TEST 1: How many Go files did you scan in...
üîç STARTUP DEBUG: Set user input as first message
INFO:     127.0.0.1:56350 - "GET /api/v1/tasks?limit=50 HTTP/1.1" 200 OK
INFO:     127.0.0.1:56350 - "GET /api/v1/tasks/by-name/comprehensive_message_test/status HTTP/1.1" 200 OK
INFO:     127.0.0.1:56410 - "GET /api/v1/tasks/by-name/add_scene_event_codes_to_stra/status HTTP/1.1" 200 OK
INFO:     127.0.0.1:56411 - "GET /api/v1/tasks/by-name/live_demo/status HTTP/1.1" 200 OK
INFO:     127.0.0.1:56544 - "DELETE /api/v1/tasks/by-name/comprehensive_message_test HTTP/1.1" 200 OK
INFO:     127.0.0.1:56544 - "GET /api/v1/tasks?limit=50 HTTP/1.1" 200 OK
INFO:     127.0.0.1:56544 - "GET /api/v1/tasks/by-name/add_scene_event_codes_to_stra/status HTTP/1.1" 200 OK
INFO:     127.0.0.1:56546 - "GET /api/v1/tasks/by-name/live_demo/status HTTP/1.1" 200 OK
ERROR:    Exception in ASGI application
Traceback (most recent call last):
  File "/Users/bytedance/python/claudeserver/app/services/task_executor.py", line 363, in _execute_with_claude
    response, pid, returned_session_id, usage_data = await self.streaming_client.send_message_streaming(
                                                     ^^^^^^^^^^^^^^^^^^^^^^^^^^^^^^^^^^^^^^^^^^^^^^^^^^^
    ...<5 lines>...
    )
    ^
  File "/Users/bytedance/python/claudeserver/app/services/streaming_cli_client.py", line 98, in send_message_streaming
    event_callback(event)
    ~~~~~~~~~~~~~~^^^^^^^
  File "/Users/bytedance/python/claudeserver/app/services/task_executor.py", line 323, in handle_event
    db, task.id, InteractionType.CLAUDE_RESPONSE, content_str
        ^^^^^^^
  File "/Library/Frameworks/Python.framework/Versions/3.13/lib/python3.13/site-packages/sqlalchemy/orm/attributes.py", line 569, in __get__
    return self.impl.get(state, dict_)  # type: ignore[no-any-return]
           ~~~~~~~~~~~~~^^^^^^^^^^^^^^
  File "/Library/Frameworks/Python.framework/Versions/3.13/lib/python3.13/site-packages/sqlalchemy/orm/attributes.py", line 1096, in get
    value = self._fire_loader_callables(state, key, passive)
  File "/Library/Frameworks/Python.framework/Versions/3.13/lib/python3.13/site-packages/sqlalchemy/orm/attributes.py", line 1126, in _fire_loader_callables
    return state._load_expired(state, passive)
           ~~~~~~~~~~~~~~~~~~~^^^^^^^^^^^^^^^^
  File "/Library/Frameworks/Python.framework/Versions/3.13/lib/python3.13/site-packages/sqlalchemy/orm/state.py", line 803, in _load_expired
    self.manager.expired_attribute_loader(self, toload, passive)
    ~~~~~~~~~~~~~~~~~~~~~~~~~~~~~~~~~~~~~^^^^^^^^^^^^^^^^^^^^^^^
  File "/Library/Frameworks/Python.framework/Versions/3.13/lib/python3.13/site-packages/sqlalchemy/orm/loading.py", line 1686, in load_scalar_attributes
    raise orm_exc.ObjectDeletedError(state)
sqlalchemy.orm.exc.ObjectDeletedError: Instance '<Task at 0x10c3efed0>' has been deleted, or its row is otherwise not present.

During handling of the above exception, another exception occurred:

Traceback (most recent call last):
  File "/Users/bytedance/python/claudeserver/app/services/task_executor.py", line 119, in execute_task
    await self._execute_with_claude(db, task, project_path)
  File "/Users/bytedance/python/claudeserver/app/services/task_executor.py", line 424, in _execute_with_claude
    db.commit()
    ~~~~~~~~~^^
  File "/Library/Frameworks/Python.framework/Versions/3.13/lib/python3.13/site-packages/sqlalchemy/orm/session.py", line 2030, in commit
    trans.commit(_to_root=True)
    ~~~~~~~~~~~~^^^^^^^^^^^^^^^
  File "<string>", line 2, in commit
  File "/Library/Frameworks/Python.framework/Versions/3.13/lib/python3.13/site-packages/sqlalchemy/orm/state_changes.py", line 137, in _go
    ret_value = fn(self, *arg, **kw)
  File "/Library/Frameworks/Python.framework/Versions/3.13/lib/python3.13/site-packages/sqlalchemy/orm/session.py", line 1311, in commit
    self._prepare_impl()
    ~~~~~~~~~~~~~~~~~~^^
  File "<string>", line 2, in _prepare_impl
  File "/Library/Frameworks/Python.framework/Versions/3.13/lib/python3.13/site-packages/sqlalchemy/orm/state_changes.py", line 137, in _go
    ret_value = fn(self, *arg, **kw)
  File "/Library/Frameworks/Python.framework/Versions/3.13/lib/python3.13/site-packages/sqlalchemy/orm/session.py", line 1286, in _prepare_impl
    self.session.flush()
    ~~~~~~~~~~~~~~~~~~^^
  File "/Library/Frameworks/Python.framework/Versions/3.13/lib/python3.13/site-packages/sqlalchemy/orm/session.py", line 4331, in flush
    self._flush(objects)
    ~~~~~~~~~~~^^^^^^^^^
  File "/Library/Frameworks/Python.framework/Versions/3.13/lib/python3.13/site-packages/sqlalchemy/orm/session.py", line 4466, in _flush
    with util.safe_reraise():
         ~~~~~~~~~~~~~~~~~^^
  File "/Library/Frameworks/Python.framework/Versions/3.13/lib/python3.13/site-packages/sqlalchemy/util/langhelpers.py", line 224, in __exit__
    raise exc_value.with_traceback(exc_tb)
  File "/Library/Frameworks/Python.framework/Versions/3.13/lib/python3.13/site-packages/sqlalchemy/orm/session.py", line 4427, in _flush
    flush_context.execute()
    ~~~~~~~~~~~~~~~~~~~~~^^
  File "/Library/Frameworks/Python.framework/Versions/3.13/lib/python3.13/site-packages/sqlalchemy/orm/unitofwork.py", line 466, in execute
    rec.execute(self)
    ~~~~~~~~~~~^^^^^^
  File "/Library/Frameworks/Python.framework/Versions/3.13/lib/python3.13/site-packages/sqlalchemy/orm/unitofwork.py", line 642, in execute
    util.preloaded.orm_persistence.save_obj(
    ~~~~~~~~~~~~~~~~~~~~~~~~~~~~~~~~~~~~~~~^
        self.mapper,
        ^^^^^^^^^^^^
        uow.states_for_mapper_hierarchy(self.mapper, False, False),
        ^^^^^^^^^^^^^^^^^^^^^^^^^^^^^^^^^^^^^^^^^^^^^^^^^^^^^^^^^^^
        uow,
        ^^^^
    )
    ^
  File "/Library/Frameworks/Python.framework/Versions/3.13/lib/python3.13/site-packages/sqlalchemy/orm/persistence.py", line 85, in save_obj
    _emit_update_statements(
    ~~~~~~~~~~~~~~~~~~~~~~~^
        base_mapper,
        ^^^^^^^^^^^^
    ...<3 lines>...
        update,
        ^^^^^^^
    )
    ^
  File "/Library/Frameworks/Python.framework/Versions/3.13/lib/python3.13/site-packages/sqlalchemy/orm/persistence.py", line 781, in _emit_update_statements
    ) in groupby(
         ~~~~~~~^
        update,
        ^^^^^^^
    ...<6 lines>...
        ),
        ^^
    ):
    ^
  File "/Library/Frameworks/Python.framework/Versions/3.13/lib/python3.13/site-packages/sqlalchemy/orm/persistence.py", line 577, in _collect_update_commands
    history = state.manager[propkey].impl.get_history(
        state, state_dict, attributes.PASSIVE_OFF
    )
  File "/Library/Frameworks/Python.framework/Versions/3.13/lib/python3.13/site-packages/sqlalchemy/orm/attributes.py", line 1265, in get_history
    current = self.get(state, dict_, passive=passive)
  File "/Library/Frameworks/Python.framework/Versions/3.13/lib/python3.13/site-packages/sqlalchemy/orm/attributes.py", line 1096, in get
    value = self._fire_loader_callables(state, key, passive)
  File "/Library/Frameworks/Python.framework/Versions/3.13/lib/python3.13/site-packages/sqlalchemy/orm/attributes.py", line 1126, in _fire_loader_callables
    return state._load_expired(state, passive)
           ~~~~~~~~~~~~~~~~~~~^^^^^^^^^^^^^^^^
  File "/Library/Frameworks/Python.framework/Versions/3.13/lib/python3.13/site-packages/sqlalchemy/orm/state.py", line 803, in _load_expired
    self.manager.expired_attribute_loader(self, toload, passive)
    ~~~~~~~~~~~~~~~~~~~~~~~~~~~~~~~~~~~~~^^^^^^^^^^^^^^^^^^^^^^^
  File "/Library/Frameworks/Python.framework/Versions/3.13/lib/python3.13/site-packages/sqlalchemy/orm/loading.py", line 1686, in load_scalar_attributes
    raise orm_exc.ObjectDeletedError(state)
sqlalchemy.orm.exc.ObjectDeletedError: Instance '<Task at 0x10c3efed0>' has been deleted, or its row is otherwise not present.

During handling of the above exception, another exception occurred:

Traceback (most recent call last):
  File "/Library/Frameworks/Python.framework/Versions/3.13/lib/python3.13/site-packages/uvicorn/protocols/http/h11_impl.py", line 403, in run_asgi
    result = await app(  # type: ignore[func-returns-value]
             ^^^^^^^^^^^^^^^^^^^^^^^^^^^^^^^^^^^^^^^^^^^^^^
        self.scope, self.receive, self.send
        ^^^^^^^^^^^^^^^^^^^^^^^^^^^^^^^^^^^
    )
    ^
  File "/Library/Frameworks/Python.framework/Versions/3.13/lib/python3.13/site-packages/uvicorn/middleware/proxy_headers.py", line 60, in __call__
    return await self.app(scope, receive, send)
           ^^^^^^^^^^^^^^^^^^^^^^^^^^^^^^^^^^^^
  File "/Library/Frameworks/Python.framework/Versions/3.13/lib/python3.13/site-packages/fastapi/applications.py", line 1133, in __call__
    await super().__call__(scope, receive, send)
  File "/Library/Frameworks/Python.framework/Versions/3.13/lib/python3.13/site-packages/starlette/applications.py", line 113, in __call__
    await self.middleware_stack(scope, receive, send)
  File "/Library/Frameworks/Python.framework/Versions/3.13/lib/python3.13/site-packages/starlette/middleware/errors.py", line 186, in __call__
    raise exc
  File "/Library/Frameworks/Python.framework/Versions/3.13/lib/python3.13/site-packages/starlette/middleware/errors.py", line 164, in __call__
    await self.app(scope, receive, _send)
  File "/Library/Frameworks/Python.framework/Versions/3.13/lib/python3.13/site-packages/starlette/middleware/cors.py", line 85, in __call__
    await self.app(scope, receive, send)
  File "/Library/Frameworks/Python.framework/Versions/3.13/lib/python3.13/site-packages/starlette/middleware/exceptions.py", line 63, in __call__
    await wrap_app_handling_exceptions(self.app, conn)(scope, receive, send)
  File "/Library/Frameworks/Python.framework/Versions/3.13/lib/python3.13/site-packages/starlette/_exception_handler.py", line 53, in wrapped_app
    raise exc
  File "/Library/Frameworks/Python.framework/Versions/3.13/lib/python3.13/site-packages/starlette/_exception_handler.py", line 42, in wrapped_app
    await app(scope, receive, sender)
  File "/Library/Frameworks/Python.framework/Versions/3.13/lib/python3.13/site-packages/fastapi/middleware/asyncexitstack.py", line 18, in __call__
    await self.app(scope, receive, send)
  File "/Library/Frameworks/Python.framework/Versions/3.13/lib/python3.13/site-packages/starlette/routing.py", line 716, in __call__
    await self.middleware_stack(scope, receive, send)
  File "/Library/Frameworks/Python.framework/Versions/3.13/lib/python3.13/site-packages/starlette/routing.py", line 736, in app
    await route.handle(scope, receive, send)
  File "/Library/Frameworks/Python.framework/Versions/3.13/lib/python3.13/site-packages/starlette/routing.py", line 290, in handle
    await self.app(scope, receive, send)
  File "/Library/Frameworks/Python.framework/Versions/3.13/lib/python3.13/site-packages/fastapi/routing.py", line 123, in app
    await wrap_app_handling_exceptions(app, request)(scope, receive, send)
  File "/Library/Frameworks/Python.framework/Versions/3.13/lib/python3.13/site-packages/starlette/_exception_handler.py", line 53, in wrapped_app
    raise exc
  File "/Library/Frameworks/Python.framework/Versions/3.13/lib/python3.13/site-packages/starlette/_exception_handler.py", line 42, in wrapped_app
    await app(scope, receive, sender)
  File "/Library/Frameworks/Python.framework/Versions/3.13/lib/python3.13/site-packages/fastapi/routing.py", line 110, in app
    await response(scope, receive, send)
  File "/Library/Frameworks/Python.framework/Versions/3.13/lib/python3.13/site-packages/starlette/responses.py", line 168, in __call__
    await self.background()
  File "/Library/Frameworks/Python.framework/Versions/3.13/lib/python3.13/site-packages/starlette/background.py", line 42, in __call__
    await task()
  File "/Library/Frameworks/Python.framework/Versions/3.13/lib/python3.13/site-packages/starlette/background.py", line 27, in __call__
    await self.func(*self.args, **self.kwargs)
  File "/Users/bytedance/python/claudeserver/app/services/task_executor.py", line 122, in execute_task
    task = db.query(Task).filter(Task.id == task_id).first()
  File "/Library/Frameworks/Python.framework/Versions/3.13/lib/python3.13/site-packages/sqlalchemy/orm/query.py", line 2759, in first
    return self.limit(1)._iter().first()  # type: ignore
           ~~~~~~~~~~~~~~~~~~~^^
  File "/Library/Frameworks/Python.framework/Versions/3.13/lib/python3.13/site-packages/sqlalchemy/orm/query.py", line 2857, in _iter
    result: Union[ScalarResult[_T], Result[_T]] = self.session.execute(
                                                  ~~~~~~~~~~~~~~~~~~~~^
        statement,
        ^^^^^^^^^^
        params,
        ^^^^^^^
        execution_options={"_sa_orm_load_options": self.load_options},
        ^^^^^^^^^^^^^^^^^^^^^^^^^^^^^^^^^^^^^^^^^^^^^^^^^^^^^^^^^^^^^^
    )
    ^
  File "/Library/Frameworks/Python.framework/Versions/3.13/lib/python3.13/site-packages/sqlalchemy/orm/session.py", line 2351, in execute
    return self._execute_internal(
           ~~~~~~~~~~~~~~~~~~~~~~^
        statement,
        ^^^^^^^^^^
    ...<4 lines>...
        _add_event=_add_event,
        ^^^^^^^^^^^^^^^^^^^^^^
    )
    ^
  File "/Library/Frameworks/Python.framework/Versions/3.13/lib/python3.13/site-packages/sqlalchemy/orm/session.py", line 2239, in _execute_internal
    conn = self._connection_for_bind(bind)
  File "/Library/Frameworks/Python.framework/Versions/3.13/lib/python3.13/site-packages/sqlalchemy/orm/session.py", line 2108, in _connection_for_bind
    return trans._connection_for_bind(engine, execution_options)
           ~~~~~~~~~~~~~~~~~~~~~~~~~~^^^^^^^^^^^^^^^^^^^^^^^^^^^
  File "<string>", line 2, in _connection_for_bind
  File "/Library/Frameworks/Python.framework/Versions/3.13/lib/python3.13/site-packages/sqlalchemy/orm/state_changes.py", line 101, in _go
    self._raise_for_prerequisite_state(fn.__name__, current_state)
    ~~~~~~~~~~~~~~~~~~~~~~~~~~~~~~~~~~^^^^^^^^^^^^^^^^^^^^^^^^^^^^
  File "/Library/Frameworks/Python.framework/Versions/3.13/lib/python3.13/site-packages/sqlalchemy/orm/session.py", line 971, in _raise_for_prerequisite_state
    raise sa_exc.PendingRollbackError(
    ...<6 lines>...
    )
sqlalchemy.exc.PendingRollbackError: This Session's transaction has been rolled back due to a previous exception during flush. To begin a new transaction with this Session, first issue Session.rollback(). Original exception was: Instance '<Task at 0x10c3efed0>' has been deleted, or its row is otherwise not present. (Background on this error at: https://sqlalche.me/e/20/7s2a)
ERROR:    Exception in ASGI application
Traceback (most recent call last):
  File "/Users/bytedance/python/claudeserver/app/services/task_executor.py", line 363, in _execute_with_claude
    response, pid, returned_session_id, usage_data = await self.streaming_client.send_message_streaming(
                                                     ^^^^^^^^^^^^^^^^^^^^^^^^^^^^^^^^^^^^^^^^^^^^^^^^^^^
    ...<5 lines>...
    )
    ^
  File "/Users/bytedance/python/claudeserver/app/services/streaming_cli_client.py", line 98, in send_message_streaming
    event_callback(event)
    ~~~~~~~~~~~~~~^^^^^^^
  File "/Users/bytedance/python/claudeserver/app/services/task_executor.py", line 359, in handle_event
    db, task.id, InteractionType.TOOL_RESULT, '\n\n'.join(tool_results)
        ^^^^^^^
  File "/Library/Frameworks/Python.framework/Versions/3.13/lib/python3.13/site-packages/sqlalchemy/orm/attributes.py", line 569, in __get__
    return self.impl.get(state, dict_)  # type: ignore[no-any-return]
           ~~~~~~~~~~~~~^^^^^^^^^^^^^^
  File "/Library/Frameworks/Python.framework/Versions/3.13/lib/python3.13/site-packages/sqlalchemy/orm/attributes.py", line 1096, in get
    value = self._fire_loader_callables(state, key, passive)
  File "/Library/Frameworks/Python.framework/Versions/3.13/lib/python3.13/site-packages/sqlalchemy/orm/attributes.py", line 1126, in _fire_loader_callables
    return state._load_expired(state, passive)
           ~~~~~~~~~~~~~~~~~~~^^^^^^^^^^^^^^^^
  File "/Library/Frameworks/Python.framework/Versions/3.13/lib/python3.13/site-packages/sqlalchemy/orm/state.py", line 803, in _load_expired
    self.manager.expired_attribute_loader(self, toload, passive)
    ~~~~~~~~~~~~~~~~~~~~~~~~~~~~~~~~~~~~~^^^^^^^^^^^^^^^^^^^^^^^
  File "/Library/Frameworks/Python.framework/Versions/3.13/lib/python3.13/site-packages/sqlalchemy/orm/loading.py", line 1686, in load_scalar_attributes
    raise orm_exc.ObjectDeletedError(state)
sqlalchemy.orm.exc.ObjectDeletedError: Instance '<Task at 0x10c3ed6d0>' has been deleted, or its row is otherwise not present.

During handling of the above exception, another exception occurred:

Traceback (most recent call last):
  File "/Users/bytedance/python/claudeserver/app/services/task_executor.py", line 119, in execute_task
    await self._execute_with_claude(db, task, project_path)
  File "/Users/bytedance/python/claudeserver/app/services/task_executor.py", line 424, in _execute_with_claude
    db.commit()
    ~~~~~~~~~^^
  File "/Library/Frameworks/Python.framework/Versions/3.13/lib/python3.13/site-packages/sqlalchemy/orm/session.py", line 2030, in commit
    trans.commit(_to_root=True)
    ~~~~~~~~~~~~^^^^^^^^^^^^^^^
  File "<string>", line 2, in commit
  File "/Library/Frameworks/Python.framework/Versions/3.13/lib/python3.13/site-packages/sqlalchemy/orm/state_changes.py", line 137, in _go
    ret_value = fn(self, *arg, **kw)
  File "/Library/Frameworks/Python.framework/Versions/3.13/lib/python3.13/site-packages/sqlalchemy/orm/session.py", line 1311, in commit
    self._prepare_impl()
    ~~~~~~~~~~~~~~~~~~^^
  File "<string>", line 2, in _prepare_impl
  File "/Library/Frameworks/Python.framework/Versions/3.13/lib/python3.13/site-packages/sqlalchemy/orm/state_changes.py", line 137, in _go
    ret_value = fn(self, *arg, **kw)
  File "/Library/Frameworks/Python.framework/Versions/3.13/lib/python3.13/site-packages/sqlalchemy/orm/session.py", line 1286, in _prepare_impl
    self.session.flush()
    ~~~~~~~~~~~~~~~~~~^^
  File "/Library/Frameworks/Python.framework/Versions/3.13/lib/python3.13/site-packages/sqlalchemy/orm/session.py", line 4331, in flush
    self._flush(objects)
    ~~~~~~~~~~~^^^^^^^^^
  File "/Library/Frameworks/Python.framework/Versions/3.13/lib/python3.13/site-packages/sqlalchemy/orm/session.py", line 4466, in _flush
    with util.safe_reraise():
         ~~~~~~~~~~~~~~~~~^^
  File "/Library/Frameworks/Python.framework/Versions/3.13/lib/python3.13/site-packages/sqlalchemy/util/langhelpers.py", line 224, in __exit__
    raise exc_value.with_traceback(exc_tb)
  File "/Library/Frameworks/Python.framework/Versions/3.13/lib/python3.13/site-packages/sqlalchemy/orm/session.py", line 4427, in _flush
    flush_context.execute()
    ~~~~~~~~~~~~~~~~~~~~~^^
  File "/Library/Frameworks/Python.framework/Versions/3.13/lib/python3.13/site-packages/sqlalchemy/orm/unitofwork.py", line 466, in execute
    rec.execute(self)
    ~~~~~~~~~~~^^^^^^
  File "/Library/Frameworks/Python.framework/Versions/3.13/lib/python3.13/site-packages/sqlalchemy/orm/unitofwork.py", line 642, in execute
    util.preloaded.orm_persistence.save_obj(
    ~~~~~~~~~~~~~~~~~~~~~~~~~~~~~~~~~~~~~~~^
        self.mapper,
        ^^^^^^^^^^^^
        uow.states_for_mapper_hierarchy(self.mapper, False, False),
        ^^^^^^^^^^^^^^^^^^^^^^^^^^^^^^^^^^^^^^^^^^^^^^^^^^^^^^^^^^^
        uow,
        ^^^^
    )
    ^
  File "/Library/Frameworks/Python.framework/Versions/3.13/lib/python3.13/site-packages/sqlalchemy/orm/persistence.py", line 85, in save_obj
    _emit_update_statements(
    ~~~~~~~~~~~~~~~~~~~~~~~^
        base_mapper,
        ^^^^^^^^^^^^
    ...<3 lines>...
        update,
        ^^^^^^^
    )
    ^
  File "/Library/Frameworks/Python.framework/Versions/3.13/lib/python3.13/site-packages/sqlalchemy/orm/persistence.py", line 781, in _emit_update_statements
    ) in groupby(
         ~~~~~~~^
        update,
        ^^^^^^^
    ...<6 lines>...
        ),
        ^^
    ):
    ^
  File "/Library/Frameworks/Python.framework/Versions/3.13/lib/python3.13/site-packages/sqlalchemy/orm/persistence.py", line 577, in _collect_update_commands
    history = state.manager[propkey].impl.get_history(
        state, state_dict, attributes.PASSIVE_OFF
    )
  File "/Library/Frameworks/Python.framework/Versions/3.13/lib/python3.13/site-packages/sqlalchemy/orm/attributes.py", line 1265, in get_history
    current = self.get(state, dict_, passive=passive)
  File "/Library/Frameworks/Python.framework/Versions/3.13/lib/python3.13/site-packages/sqlalchemy/orm/attributes.py", line 1096, in get
    value = self._fire_loader_callables(state, key, passive)
  File "/Library/Frameworks/Python.framework/Versions/3.13/lib/python3.13/site-packages/sqlalchemy/orm/attributes.py", line 1126, in _fire_loader_callables
    return state._load_expired(state, passive)
           ~~~~~~~~~~~~~~~~~~~^^^^^^^^^^^^^^^^
  File "/Library/Frameworks/Python.framework/Versions/3.13/lib/python3.13/site-packages/sqlalchemy/orm/state.py", line 803, in _load_expired
    self.manager.expired_attribute_loader(self, toload, passive)
    ~~~~~~~~~~~~~~~~~~~~~~~~~~~~~~~~~~~~~^^^^^^^^^^^^^^^^^^^^^^^
  File "/Library/Frameworks/Python.framework/Versions/3.13/lib/python3.13/site-packages/sqlalchemy/orm/loading.py", line 1686, in load_scalar_attributes
    raise orm_exc.ObjectDeletedError(state)
sqlalchemy.orm.exc.ObjectDeletedError: Instance '<Task at 0x10c3ed6d0>' has been deleted, or its row is otherwise not present.

During handling of the above exception, another exception occurred:

Traceback (most recent call last):
  File "/Library/Frameworks/Python.framework/Versions/3.13/lib/python3.13/site-packages/uvicorn/protocols/http/h11_impl.py", line 403, in run_asgi
    result = await app(  # type: ignore[func-returns-value]
             ^^^^^^^^^^^^^^^^^^^^^^^^^^^^^^^^^^^^^^^^^^^^^^
        self.scope, self.receive, self.send
        ^^^^^^^^^^^^^^^^^^^^^^^^^^^^^^^^^^^
    )
    ^
  File "/Library/Frameworks/Python.framework/Versions/3.13/lib/python3.13/site-packages/uvicorn/middleware/proxy_headers.py", line 60, in __call__
    return await self.app(scope, receive, send)
           ^^^^^^^^^^^^^^^^^^^^^^^^^^^^^^^^^^^^
  File "/Library/Frameworks/Python.framework/Versions/3.13/lib/python3.13/site-packages/fastapi/applications.py", line 1133, in __call__
    await super().__call__(scope, receive, send)
  File "/Library/Frameworks/Python.framework/Versions/3.13/lib/python3.13/site-packages/starlette/applications.py", line 113, in __call__
    await self.middleware_stack(scope, receive, send)
  File "/Library/Frameworks/Python.framework/Versions/3.13/lib/python3.13/site-packages/starlette/middleware/errors.py", line 186, in __call__
    raise exc
  File "/Library/Frameworks/Python.framework/Versions/3.13/lib/python3.13/site-packages/starlette/middleware/errors.py", line 164, in __call__
    await self.app(scope, receive, _send)
  File "/Library/Frameworks/Python.framework/Versions/3.13/lib/python3.13/site-packages/starlette/middleware/cors.py", line 85, in __call__
    await self.app(scope, receive, send)
  File "/Library/Frameworks/Python.framework/Versions/3.13/lib/python3.13/site-packages/starlette/middleware/exceptions.py", line 63, in __call__
    await wrap_app_handling_exceptions(self.app, conn)(scope, receive, send)
  File "/Library/Frameworks/Python.framework/Versions/3.13/lib/python3.13/site-packages/starlette/_exception_handler.py", line 53, in wrapped_app
    raise exc
  File "/Library/Frameworks/Python.framework/Versions/3.13/lib/python3.13/site-packages/starlette/_exception_handler.py", line 42, in wrapped_app
    await app(scope, receive, sender)
  File "/Library/Frameworks/Python.framework/Versions/3.13/lib/python3.13/site-packages/fastapi/middleware/asyncexitstack.py", line 18, in __call__
    await self.app(scope, receive, send)
  File "/Library/Frameworks/Python.framework/Versions/3.13/lib/python3.13/site-packages/starlette/routing.py", line 716, in __call__
    await self.middleware_stack(scope, receive, send)
  File "/Library/Frameworks/Python.framework/Versions/3.13/lib/python3.13/site-packages/starlette/routing.py", line 736, in app
    await route.handle(scope, receive, send)
  File "/Library/Frameworks/Python.framework/Versions/3.13/lib/python3.13/site-packages/starlette/routing.py", line 290, in handle
    await self.app(scope, receive, send)
  File "/Library/Frameworks/Python.framework/Versions/3.13/lib/python3.13/site-packages/fastapi/routing.py", line 123, in app
    await wrap_app_handling_exceptions(app, request)(scope, receive, send)
  File "/Library/Frameworks/Python.framework/Versions/3.13/lib/python3.13/site-packages/starlette/_exception_handler.py", line 53, in wrapped_app
    raise exc
  File "/Library/Frameworks/Python.framework/Versions/3.13/lib/python3.13/site-packages/starlette/_exception_handler.py", line 42, in wrapped_app
    await app(scope, receive, sender)
  File "/Library/Frameworks/Python.framework/Versions/3.13/lib/python3.13/site-packages/fastapi/routing.py", line 110, in app
    await response(scope, receive, send)
  File "/Library/Frameworks/Python.framework/Versions/3.13/lib/python3.13/site-packages/starlette/responses.py", line 168, in __call__
    await self.background()
  File "/Library/Frameworks/Python.framework/Versions/3.13/lib/python3.13/site-packages/starlette/background.py", line 42, in __call__
    await task()
  File "/Library/Frameworks/Python.framework/Versions/3.13/lib/python3.13/site-packages/starlette/background.py", line 27, in __call__
    await self.func(*self.args, **self.kwargs)
  File "/Users/bytedance/python/claudeserver/app/services/task_executor.py", line 122, in execute_task
    task = db.query(Task).filter(Task.id == task_id).first()
  File "/Library/Frameworks/Python.framework/Versions/3.13/lib/python3.13/site-packages/sqlalchemy/orm/query.py", line 2759, in first
    return self.limit(1)._iter().first()  # type: ignore
           ~~~~~~~~~~~~~~~~~~~^^
  File "/Library/Frameworks/Python.framework/Versions/3.13/lib/python3.13/site-packages/sqlalchemy/orm/query.py", line 2857, in _iter
    result: Union[ScalarResult[_T], Result[_T]] = self.session.execute(
                                                  ~~~~~~~~~~~~~~~~~~~~^
        statement,
        ^^^^^^^^^^
        params,
        ^^^^^^^
        execution_options={"_sa_orm_load_options": self.load_options},
        ^^^^^^^^^^^^^^^^^^^^^^^^^^^^^^^^^^^^^^^^^^^^^^^^^^^^^^^^^^^^^^
    )
    ^
  File "/Library/Frameworks/Python.framework/Versions/3.13/lib/python3.13/site-packages/sqlalchemy/orm/session.py", line 2351, in execute
    return self._execute_internal(
           ~~~~~~~~~~~~~~~~~~~~~~^
        statement,
        ^^^^^^^^^^
    ...<4 lines>...
        _add_event=_add_event,
        ^^^^^^^^^^^^^^^^^^^^^^
    )
    ^
  File "/Library/Frameworks/Python.framework/Versions/3.13/lib/python3.13/site-packages/sqlalchemy/orm/session.py", line 2239, in _execute_internal
    conn = self._connection_for_bind(bind)
  File "/Library/Frameworks/Python.framework/Versions/3.13/lib/python3.13/site-packages/sqlalchemy/orm/session.py", line 2108, in _connection_for_bind
    return trans._connection_for_bind(engine, execution_options)
           ~~~~~~~~~~~~~~~~~~~~~~~~~~^^^^^^^^^^^^^^^^^^^^^^^^^^^
  File "<string>", line 2, in _connection_for_bind
  File "/Library/Frameworks/Python.framework/Versions/3.13/lib/python3.13/site-packages/sqlalchemy/orm/state_changes.py", line 101, in _go
    self._raise_for_prerequisite_state(fn.__name__, current_state)
    ~~~~~~~~~~~~~~~~~~~~~~~~~~~~~~~~~~^^^^^^^^^^^^^^^^^^^^^^^^^^^^
  File "/Library/Frameworks/Python.framework/Versions/3.13/lib/python3.13/site-packages/sqlalchemy/orm/session.py", line 971, in _raise_for_prerequisite_state
    raise sa_exc.PendingRollbackError(
    ...<6 lines>...
    )
sqlalchemy.exc.PendingRollbackError: This Session's transaction has been rolled back due to a previous exception during flush. To begin a new transaction with this Session, first issue Session.rollback(). Original exception was: Instance '<Task at 0x10c3ed6d0>' has been deleted, or its row is otherwise not present. (Background on this error at: https://sqlalche.me/e/20/7s2a)
INFO:     127.0.0.1:56546 - "GET /api/v1/tasks/by-name/add_scene_event_codes_to_stra HTTP/1.1" 200 OK
INFO:     127.0.0.1:56546 - "GET /api/v1/tasks/by-name/add_scene_event_codes_to_stra/status HTTP/1.1" 200 OK
INFO:     127.0.0.1:56546 - "GET /api/v1/tasks/by-name/add_scene_event_codes_to_stra/conversation HTTP/1.1" 200 OK
Claude CLI executing in current directory (no project_path specified)
üîç TASK EXECUTOR DEBUG: task_id=8d71a584-a288-4993-bca2-c445249c7d1a, set claude_session_id=55417512-de6e-4513-97ed-d22fcc25e1bc
INFO:     127.0.0.1:56749 - "POST /api/v1/tasks/by-name/add_scene_event_codes_to_stra/clear-and-restart HTTP/1.1" 200 OK
üîç STARTUP DEBUG: Checking for pending user input for task 8d71a584-a288-4993-bca2-c445249c7d1a
üîç STARTUP DEBUG: get_next_user_input returned: DETAILED TEST 1: How many Go files did you scan in the project? Please give me a specific count.
üîç STARTUP DEBUG: Found pending user input, processing: DETAILED TEST 1: How many Go files did you scan in...
üîç STARTUP DEBUG: Set user input as first message
INFO:     127.0.0.1:56749 - "GET /api/v1/tasks?limit=50 HTTP/1.1" 200 OK
INFO:     127.0.0.1:56749 - "GET /api/v1/tasks/by-name/add_scene_event_codes_to_stra/status HTTP/1.1" 200 OK
INFO:     127.0.0.1:56769 - "GET /api/v1/tasks/by-name/live_demo/status HTTP/1.1" 200 OK
INFO:     127.0.0.1:56769 - "GET /api/v1/tasks/by-name/add_scene_event_codes_to_stra/status HTTP/1.1" 200 OK
INFO:     127.0.0.1:56769 - "GET /api/v1/tasks/by-name/add_scene_event_codes_to_stra/conversation HTTP/1.1" 200 OK
INFO:     127.0.0.1:56973 - "GET /api/v1/tasks/by-name/add_scene_event_codes_to_stra HTTP/1.1" 200 OK
INFO:     127.0.0.1:56973 - "GET /api/v1/tasks/by-name/add_scene_event_codes_to_stra HTTP/1.1" 200 OK
INFO:     127.0.0.1:56973 - "GET /api/v1/tasks/by-name/add_scene_event_codes_to_stra/status HTTP/1.1" 200 OK
INFO:     127.0.0.1:56973 - "GET /api/v1/tasks/by-name/add_scene_event_codes_to_stra/conversation HTTP/1.1" 200 OK
Claude CLI executing in current directory (no project_path specified)
Claude CLI executing in current directory (no project_path specified)
üîç TASK EXECUTOR DEBUG: task_id=8d71a584-a288-4993-bca2-c445249c7d1a, set claude_session_id=f3d96308-6e03-4f13-a16b-e9bf1e7fca94
üîç TASK EXECUTOR DEBUG: task_id=8d71a584-a288-4993-bca2-c445249c7d1a, set claude_session_id=705a9bf8-d61e-4427-a033-8bd3c808a457
INFO:     127.0.0.1:57116 - "GET /api/v1/tasks/by-name/add_scene_event_codes_to_stra/status HTTP/1.1" 200 OK
INFO:     127.0.0.1:57116 - "GET /api/v1/tasks/by-name/add_scene_event_codes_to_stra/conversation HTTP/1.1" 200 OK
Claude CLI executing in current directory (no project_path specified)
Claude CLI executing in current directory (no project_path specified)
Claude CLI executing in current directory (no project_path specified)
Claude CLI executing in current directory (no project_path specified)
üîç TASK EXECUTOR DEBUG: task_id=8d71a584-a288-4993-bca2-c445249c7d1a, set claude_session_id=705a9bf8-d61e-4427-a033-8bd3c808a457
üîç TASK EXECUTOR DEBUG: task_id=8d71a584-a288-4993-bca2-c445249c7d1a, set claude_session_id=705a9bf8-d61e-4427-a033-8bd3c808a457
üîç TASK EXECUTOR DEBUG: task_id=8d71a584-a288-4993-bca2-c445249c7d1a, set claude_session_id=705a9bf8-d61e-4427-a033-8bd3c808a457
üîç TASK EXECUTOR DEBUG: task_id=8d71a584-a288-4993-bca2-c445249c7d1a, set claude_session_id=705a9bf8-d61e-4427-a033-8bd3c808a457
INFO:     127.0.0.1:57629 - "GET /api/v1/tasks/by-name/add_scene_event_codes_to_stra/status HTTP/1.1" 200 OK
INFO:     127.0.0.1:57629 - "GET /api/v1/tasks/by-name/add_scene_event_codes_to_stra/conversation HTTP/1.1" 200 OK
Claude CLI executing in current directory (no project_path specified)
Claude CLI executing in current directory (no project_path specified)
Claude CLI executing in current directory (no project_path specified)
Claude CLI executing in current directory (no project_path specified)
üîç TASK EXECUTOR DEBUG: task_id=8d71a584-a288-4993-bca2-c445249c7d1a, set claude_session_id=705a9bf8-d61e-4427-a033-8bd3c808a457
üîç TASK EXECUTOR DEBUG: task_id=8d71a584-a288-4993-bca2-c445249c7d1a, set claude_session_id=705a9bf8-d61e-4427-a033-8bd3c808a457
üîç TASK EXECUTOR DEBUG: task_id=8d71a584-a288-4993-bca2-c445249c7d1a, set claude_session_id=705a9bf8-d61e-4427-a033-8bd3c808a457
üîç TASK EXECUTOR DEBUG: task_id=8d71a584-a288-4993-bca2-c445249c7d1a, set claude_session_id=705a9bf8-d61e-4427-a033-8bd3c808a457
INFO:     127.0.0.1:58377 - "GET /api/v1/tasks/by-name/add_scene_event_codes_to_stra/status HTTP/1.1" 200 OK
INFO:     127.0.0.1:58499 - "GET /api/v1/tasks/by-name/add_scene_event_codes_to_stra/input-queue-status HTTP/1.1" 200 OK
